<?xml version="1.0" encoding="UTF-8"?>
<testng-results skipped="0" failed="0" ignored="0" total="1" passed="1">
  <reporter-output>
  </reporter-output>
  <suite name="Default suite" duration-ms="12313" started-at="2020-08-19T12:07:26 PDT" finished-at="2020-08-19T12:07:38 PDT">
    <groups>
    </groups>
    <test name="Default test" duration-ms="12313" started-at="2020-08-19T12:07:26 PDT" finished-at="2020-08-19T12:07:38 PDT">
      <class name="com.TestNG.DragAndDrop">
        <test-method status="PASS" signature="actionOn()[pri:0, instance:com.TestNG.DragAndDrop@131276c2]" name="actionOn" duration-ms="12244" started-at="2020-08-19T12:07:26 PDT" finished-at="2020-08-19T12:07:38 PDT">
          <reporter-output>
          </reporter-output>
        </test-method> <!-- actionOn -->
      </class> <!-- com.TestNG.DragAndDrop -->
    </test> <!-- Default test -->
  </suite> <!-- Default suite -->
</testng-results>
