<?xml version="1.0" encoding="UTF-8"?>
<!-- Generated by org.testng.reporters.JUnitXMLReporter -->
<testsuite hostname="ILAMUKIL" ignored="1" name="Test" tests="2" failures="0" timestamp="2020-08-19T10:53:47 PDT" time="0.099" errors="0">
  <testcase name="testCase1" time="0.02" classname="com.TestNG.DependsUponGroups"/>
  <testcase name="testCase2" time="0.02" classname="com.TestNG.DependsUponGroups"/>
  <testcase name="testCase3" time="0.0" classname="com.TestNG.DependsUponGroups">
    <ignored/>
  </testcase> <!-- testCase3 -->
</testsuite> <!-- Test -->
