<?xml version="1.0" encoding="UTF-8"?>
<!-- Generated by org.testng.reporters.JUnitXMLReporter -->
<testsuite hostname="ILAMUKIL" ignored="0" name="Test" tests="6" failures="0" timestamp="2020-08-18T10:24:59 PDT" time="0.245" errors="0">
  <testcase name="testCase1" time="0.027" classname="com.TestNG.ParallelExecution"/>
  <testcase name="testCase4" time="0.031" classname="com.TestNG.ParallelExecution1"/>
  <testcase name="testCase2" time="0.004" classname="com.TestNG.ParallelExecution"/>
  <testcase name="testCase3" time="0.01" classname="com.TestNG.ParallelExecution"/>
  <testcase name="testCase5" time="0.011" classname="com.TestNG.ParallelExecution1"/>
  <testcase name="testCase6" time="0.026" classname="com.TestNG.ParallelExecution1"/>
</testsuite> <!-- Test -->
